Warning messages:
1: package 'Seurat' was built under R version 4.4.3 
2: package 'SeuratObject' was built under R version 4.4.3 
3: package 'sp' was built under R version 4.4.3 
4: package 'ggplot2' was built under R version 4.4.3 
5: package 'stringr' was built under R version 4.4.3 
6: package 'qs' was built under R version 4.4.3 
[2026-03-10 14:02:22] 02_qc_overview starting.
Rasterizing points since number of points exceeds 100,000.
To disable this behavior set `raster=FALSE`
Rasterizing points since number of points exceeds 100,000.
To disable this behavior set `raster=FALSE`
Rasterizing points since number of points exceeds 100,000.
To disable this behavior set `raster=FALSE`
Rasterizing points since number of points exceeds 100,000.
To disable this behavior set `raster=FALSE`
Rasterizing points since number of points exceeds 100,000.
To disable this behavior set `raster=FALSE`
Rasterizing points since number of points exceeds 100,000.
To disable this behavior set `raster=FALSE`
[2026-03-10 14:03:29] 02_qc_overview done.
