[2025-12-27 19:36:39] 01_load_make_seurat starting. 
[2025-12-27 19:36:40] 02_qc_overview starting. 
[2025-12-27 19:38:01] 01_load_make_seurat starting. 
[2025-12-27 19:38:30] 01_load_make_seurat starting. 
[2025-12-27 20:00:24] 01_load_make_seurat starting. 
[2025-12-27 20:02:19] 02_qc_overview starting. 
[2025-12-27 20:02:21] 03_core_umaps_and_composition starting. 
[2025-12-27 20:02:23] 04_gene_sets_scores_plots starting. 
[2025-12-27 20:02:25] 05_susceptibility_severity_models starting. 
[2025-12-27 20:02:33] 02_qc_overview starting. 
[2025-12-27 20:08:35] 02_qc_overview done. 
[2025-12-27 20:08:35] 03_core_umaps_and_composition starting. 
[2025-12-27 20:32:34] Saved objects to outputs/objects. 01_load_make_seurat done. 
[2025-12-27 20:35:12] 02_qc_overview done. 
[2025-12-27 20:40:54] 03_core_umaps_and_composition done. 
[2025-12-27 20:48:23] 04_gene_sets_scores_plots starting. 
[2025-12-27 20:50:52] 04_gene_sets_scores_plots done. 
[2025-12-28 13:59:37] 04_gene_sets_scores_plots done. 
[2025-12-28 14:01:20] 05_susceptibility_severity_models starting. 
[2025-12-28 14:01:45] 05_susceptibility_severity_models done. 
[2025-12-28 14:02:02] 06_nk_cytotoxic_module starting. 
[2025-12-28 14:03:35] 06_nk_cytotoxic_module done. 
[2026-03-09 20:26:41] 01_load_make_seurat starting. 
[2026-03-09 20:26:41] Loading Seurat from qs:  data/seu.qs 
[2026-03-10 13:38:30] 01_load_make_seurat starting. 
[2026-03-10 13:38:30] Loading Seurat from qs:  data/seu.qs 
[2026-03-10 13:53:24] 01_load_make_seurat starting. 
[2026-03-10 13:53:24] Loading Seurat from qs:  data/seu.qs 
[2026-03-10 14:02:18] Saved objects to outputs/objects. 01_load_make_seurat done. 
[2026-03-10 14:02:22] 02_qc_overview starting. 
[2026-03-10 14:03:29] 02_qc_overview done. 
[2026-03-10 14:03:32] 03_core_umaps_and_composition starting. 
[2026-03-10 14:04:38] 03_core_umaps_and_composition done. 
[2026-03-10 14:04:41] 04_gene_sets_scores_plots starting. 
[2026-03-10 14:06:42] 04_gene_sets_scores_plots done. 
[2026-03-10 14:06:45] 05_susceptibility_severity_models starting. 
[2026-03-10 14:07:03] 05_susceptibility_severity_models done. 
[2026-03-10 14:07:06] 06_nk_cytotoxic_module starting. 
[2026-03-10 14:08:17] 06_nk_cytotoxic_module done. 
[2026-03-10 14:08:21] 07_integration_sensitivity starting. 
[2026-03-10 14:22:38] 07_integration_sensitivity starting. 
[2026-03-10 15:04:34] 07_integration_sensitivity starting. 
[2026-03-10 15:09:53] FindVariableFeatures(3000) failed:  std::bad_alloc . Retrying with nfeatures=2000. 
[2026-03-11 12:22:07] 07_integration_sensitivity starting. 
[2026-03-11 12:22:30] Integration sensitivity running on  50322  cells (from  158978 ). 
[2026-03-11 12:32:15] Integration sensitivity running on  64554  cells (from  158978 ). 
[2026-03-11 12:32:51] 07_integration_sensitivity starting. 
[2026-03-11 13:00:08] 07b_parameter_sensitivity starting. 
[2026-03-11 13:00:20] Starting HVG setting:  4000 
[2026-03-11 13:03:59] Running HVG= 4000  | PCs= 40 
[2026-03-11 13:15:36] 07b_parameter_sensitivity starting. 
[2026-03-11 13:15:58] Starting HVG setting:  2000 
[2026-03-11 13:28:40] 07b_parameter_sensitivity starting. 
[2026-03-11 13:30:00] Starting HVG setting:  3000 
[2026-03-11 13:34:48] Running HVG= 3000  | PCs= 30 
[2026-03-11 13:45:53] Running HVG= 3000  | PCs= 40 
[2026-03-11 13:57:23] Running HVG= 3000  | PCs= 50 
[2026-03-11 14:08:40] Starting HVG setting:  4000 
[2026-03-11 14:14:04] Running HVG= 4000  | PCs= 30 
[2026-03-11 14:26:33] Running HVG= 4000  | PCs= 40 
[2026-03-11 14:42:26] Running HVG= 4000  | PCs= 50 
[2026-03-11 18:18:53] 07c_finish_parameter_sensitivity_from_saved starting. 
[2026-03-11 18:25:54] 07c_finish_parameter_sensitivity_saved_only starting. 
[2026-03-11 18:25:54] Loading representative combo object for HVG= 3000 
[2026-03-11 18:27:20] Loading representative combo object for HVG= 3000 
[2026-03-11 18:27:53] Loading representative combo object for HVG= 4000 
[2026-03-11 18:28:39] Loading representative combo object for HVG= 5000 
[2026-03-11 18:28:58] Loading combo object: HVG= 3000  | PC= 30 
[2026-03-11 18:29:25] Loading combo object: HVG= 3000  | PC= 40 
[2026-03-11 18:29:52] Loading combo object: HVG= 3000  | PC= 50 
[2026-03-11 18:30:19] Loading combo object: HVG= 4000  | PC= 30 
[2026-03-11 18:30:48] Loading combo object: HVG= 4000  | PC= 40 
[2026-03-11 18:31:17] Loading combo object: HVG= 4000  | PC= 50 
[2026-03-11 20:09:03] 08_organoid_vs_placenta_comparison starting. 
[2026-03-11 20:10:21] 10_ea_sflt1_proxy_analysis starting. 
[2026-03-11 20:37:22] 10_ea_sflt1_proxy_analysis done. 
[2026-03-11 21:24:18] 12_pathogen_specificity_matrix starting. 
[2026-03-11 21:24:18] 12_pathogen_specificity_matrix done. 
[2026-03-11 21:24:28] 13_fib2_reference_mapping starting. 
[2026-03-11 21:25:11] 15_targeted_cellchat_axes starting. 
[2026-03-11 21:38:04] 13_fib2_reference_mapping starting. 
[2026-03-11 21:39:13] 15_targeted_cellchat_axes starting. 
